<?xml version="1.0" encoding="UTF-8"?>
<!-- Generated by org.testng.reporters.JUnitReportReporter -->
<testsuite hostname="--" name="com.parallell.ParallelTests01" tests="2" failures="0" timestamp="11 Nov 2020 13:09:48 GMT" time="16.104" errors="0">
  <testcase name="LaunchChrome" time="15.688" classname="com.parallell.ParallelTests01"/>
  <testcase name="TryFacebook1" time="0.416" classname="com.parallell.ParallelTests01"/>
</testsuite> <!-- com.parallell.ParallelTests01 -->
