<?xml version="1.0" encoding="UTF-8"?>
<!-- Generated by org.testng.reporters.JUnitReportReporter -->
<testsuite hostname="--" name="test.Test_02" tests="1" failures="0" timestamp="18 Nov 2020 12:41:25 GMT" time="14.193" errors="0">
  <testcase name="t_002" time="14.193" classname="test.Test_02"/>
</testsuite> <!-- test.Test_02 -->
