<?xml version="1.0" encoding="UTF-8"?>
<!-- Generated by org.testng.reporters.JUnitReportReporter -->
<testsuite hostname="--" name="test.Test_01" tests="1" failures="0" timestamp="18 Nov 2020 12:41:25 GMT" time="28.935" errors="0">
  <testcase name="t_001" time="28.935" classname="test.Test_01"/>
</testsuite> <!-- test.Test_01 -->
