<?xml version="1.0" encoding="UTF-8"?>
<!-- Generated by org.testng.reporters.JUnitReportReporter -->
<testsuite hostname="--" name="com.testannotations.TestAnnotations" tests="2" failures="0" timestamp="8 Nov 2020 15:43:49 GMT" time="0.016" errors="0">
  <testcase name="Test1" time="0.009" classname="com.testannotations.TestAnnotations"/>
  <testcase name="Test2" time="0.007" classname="com.testannotations.TestAnnotations"/>
</testsuite> <!-- com.testannotations.TestAnnotations -->
