<?xml version="1.0" encoding="UTF-8"?>
<!-- Generated by org.testng.reporters.JUnitReportReporter -->
<testsuite hostname="--" name="tests.ExtentReport" tests="1" failures="0" timestamp="11 Nov 2020 15:15:09 GMT" time="49.785" errors="0">
  <testcase name="test" time="49.785" classname="tests.ExtentReport"/>
</testsuite> <!-- tests.ExtentReport -->
