<?xml version="1.0" encoding="UTF-8"?>
<!-- Generated by org.testng.reporters.JUnitReportReporter -->
<testsuite skipped="0" hostname="ip-172-31-19-21" name="tests.LoginTest" tests="1" failures="0" timestamp="2020-11-28T19:26:19 UTC" time="3.799" errors="0">
  <testcase name="login" time="3.799" classname="tests.LoginTest"/>
  <system-out/>
</testsuite> <!-- tests.LoginTest -->
