<?xml version="1.0" encoding="UTF-8"?>
<!-- Generated by org.testng.reporters.JUnitReportReporter -->
<testsuite hostname="--" name="test.Test1" tests="4" failures="0" timestamp="8 Nov 2020 16:23:54 GMT" time="0.026" errors="0">
  <testcase name="test10" time="0.003" classname="test.Test1"/>
  <testcase name="test1" time="0.016" classname="test.Test1"/>
  <testcase name="test12" time="0.003" classname="test.Test1"/>
  <testcase name="test11" time="0.004" classname="test.Test1"/>
</testsuite> <!-- test.Test1 -->
