<?xml version="1.0" encoding="UTF-8"?>
<!-- Generated by org.testng.reporters.JUnitReportReporter -->
<testsuite hostname="--" name="test.Test2" tests="1" failures="0" timestamp="8 Nov 2020 16:15:50 GMT" time="0.003" errors="0">
  <testcase name="testcase2" time="0.003" classname="test.Test2"/>
</testsuite> <!-- test.Test2 -->
