<?xml version="1.0" encoding="UTF-8"?>
<!-- Generated by org.testng.reporters.JUnitReportReporter -->
<testsuite hostname="--" name="test.DemoTest" tests="1" failures="0" timestamp="8 Nov 2020 15:21:29 GMT" time="0.023" errors="0">
  <testcase name="test1" time="0.023" classname="test.DemoTest"/>
</testsuite> <!-- test.DemoTest -->
